<?xml version="1.0" encoding="UTF-8"?>
<testsuites>
  <testsuite name="Always Encrypted PHP Unit Test Suite" tests="9" assertions="17" errors="0" failures="0" skipped="0" time="16.445156">
    <testsuite name="SqlCollaborative\AlwaysEncryptedSample\Monolog\Handler\SqlServerHandlerTest" file="C:\Users\Justin Dearing\source\repos\AlwaysEncryptedSample\AlwaysEncryptedSample.PHP\tests\Monolog\Handler\SqlServerHandlerTest.php" tests="4" assertions="8" errors="0" failures="0" skipped="0" time="16.403534">
      <testcase name="testBogusDsn" class="SqlCollaborative\AlwaysEncryptedSample\Monolog\Handler\SqlServerHandlerTest" classname="SqlCollaborative.AlwaysEncryptedSample.Monolog.Handler.SqlServerHandlerTest" file="C:\Users\Justin Dearing\source\repos\AlwaysEncryptedSample\AlwaysEncryptedSample.PHP\tests\Monolog\Handler\SqlServerHandlerTest.php" line="55" assertions="2" time="0.181152"/>
      <testcase name="testBadSqlServerPort" class="SqlCollaborative\AlwaysEncryptedSample\Monolog\Handler\SqlServerHandlerTest" classname="SqlCollaborative.AlwaysEncryptedSample.Monolog.Handler.SqlServerHandlerTest" file="C:\Users\Justin Dearing\source\repos\AlwaysEncryptedSample\AlwaysEncryptedSample.PHP\tests\Monolog\Handler\SqlServerHandlerTest.php" line="65" assertions="2" time="15.710798"/>
      <testcase name="testBadDb" class="SqlCollaborative\AlwaysEncryptedSample\Monolog\Handler\SqlServerHandlerTest" classname="SqlCollaborative.AlwaysEncryptedSample.Monolog.Handler.SqlServerHandlerTest" file="C:\Users\Justin Dearing\source\repos\AlwaysEncryptedSample\AlwaysEncryptedSample.PHP\tests\Monolog\Handler\SqlServerHandlerTest.php" line="76" assertions="2" time="0.271408"/>
      <testcase name="testWrite" class="SqlCollaborative\AlwaysEncryptedSample\Monolog\Handler\SqlServerHandlerTest" classname="SqlCollaborative.AlwaysEncryptedSample.Monolog.Handler.SqlServerHandlerTest" file="C:\Users\Justin Dearing\source\repos\AlwaysEncryptedSample\AlwaysEncryptedSample.PHP\tests\Monolog\Handler\SqlServerHandlerTest.php" line="83" assertions="2" time="0.240176"/>
    </testsuite>
    <testsuite name="SqlCollaborative\AlwaysEncryptedSample\Security\AspNetIdentityTest" file="C:\Users\Justin Dearing\source\repos\AlwaysEncryptedSample\AlwaysEncryptedSample.PHP\tests\Security\AspNetIdentityTest.php" tests="4" assertions="6" errors="0" failures="0" skipped="0" time="0.029779">
      <testcase name="testPassword" class="SqlCollaborative\AlwaysEncryptedSample\Security\AspNetIdentityTest" classname="SqlCollaborative.AlwaysEncryptedSample.Security.AspNetIdentityTest" file="C:\Users\Justin Dearing\source\repos\AlwaysEncryptedSample\AlwaysEncryptedSample.PHP\tests\Security\AspNetIdentityTest.php" line="11" assertions="1" time="0.014384"/>
      <testcase name="testVerifyBadHashPassword" class="SqlCollaborative\AlwaysEncryptedSample\Security\AspNetIdentityTest" classname="SqlCollaborative.AlwaysEncryptedSample.Security.AspNetIdentityTest" file="C:\Users\Justin Dearing\source\repos\AlwaysEncryptedSample\AlwaysEncryptedSample.PHP\tests\Security\AspNetIdentityTest.php" line="18" assertions="1" time="0.005259"/>
      <testcase name="testBadSalt" class="SqlCollaborative\AlwaysEncryptedSample\Security\AspNetIdentityTest" classname="SqlCollaborative.AlwaysEncryptedSample.Security.AspNetIdentityTest" file="C:\Users\Justin Dearing\source\repos\AlwaysEncryptedSample\AlwaysEncryptedSample.PHP\tests\Security\AspNetIdentityTest.php" line="28" assertions="2" time="0.004270"/>
      <testcase name="testBadHeader" class="SqlCollaborative\AlwaysEncryptedSample\Security\AspNetIdentityTest" classname="SqlCollaborative.AlwaysEncryptedSample.Security.AspNetIdentityTest" file="C:\Users\Justin Dearing\source\repos\AlwaysEncryptedSample\AlwaysEncryptedSample.PHP\tests\Security\AspNetIdentityTest.php" line="38" assertions="2" time="0.005866"/>
    </testsuite>
    <testsuite name="SqlCollaborative\AlwaysEncryptedSample\Util\SSNGeneratorTest" file="C:\Users\Justin Dearing\source\repos\AlwaysEncryptedSample\AlwaysEncryptedSample.PHP\tests\Util\SSNGeneratorTest.php" tests="1" assertions="3" errors="0" failures="0" skipped="0" time="0.011843">
      <testcase name="testSsn" class="SqlCollaborative\AlwaysEncryptedSample\Util\SSNGeneratorTest" classname="SqlCollaborative.AlwaysEncryptedSample.Util.SSNGeneratorTest" file="C:\Users\Justin Dearing\source\repos\AlwaysEncryptedSample\AlwaysEncryptedSample.PHP\tests\Util\SSNGeneratorTest.php" line="26" assertions="3" time="0.011843"/>
    </testsuite>
  </testsuite>
</testsuites>
